Log file open, 04/19/23 13:20:30
LogWindows: Failed to load 'aqProf.dll' (GetLastError=126)
LogWindows: File 'aqProf.dll' does not exist
LogWindows: Failed to load 'VtuneApi.dll' (GetLastError=126)
LogWindows: File 'VtuneApi.dll' does not exist
LogWindows: Failed to load 'VtuneApi32e.dll' (GetLastError=126)
LogWindows: File 'VtuneApi32e.dll' does not exist
LogConsoleResponse: Display: Failed to find resolution value strings in scalability ini. Falling back to default.
LogConsoleResponse: Display: Failed to find resolution value strings in scalability ini. Falling back to default.
LogInit: Display: Running engine for game: MyProject
LogPlatformFile: Not using cached read wrapper
LogTaskGraph: Started task graph with 5 named threads and 23 total threads with 3 sets of task threads.
LogStats: Stats thread started at 0.387408
LogICUInternationalization: ICU TimeZone Detection - Raw Offset: +5:30, Platform Override: ''
LogInit: Display: Loading text-based GConfig....
LogPluginManager: Mounting plugin MeshPainting
LogPluginManager: Mounting plugin XGEController
LogPluginManager: Mounting plugin Paper2D
LogPluginManager: Mounting plugin LiveLink
LogPluginManager: Mounting plugin EnvironmentQueryEditor
LogPluginManager: Mounting plugin AISupport
LogPluginManager: Mounting plugin LightPropagationVolume
LogPluginManager: Mounting plugin CameraShakePreviewer
LogPluginManager: Mounting plugin GameplayCameras
LogPluginManager: Mounting plugin AnimationSharing
LogPluginManager: Mounting plugin CLionSourceCodeAccess
LogPluginManager: Mounting plugin CodeLiteSourceCodeAccess
LogPluginManager: Mounting plugin AssetManagerEditor
LogPluginManager: Mounting plugin GitSourceControl
LogPluginManager: Mounting plugin KDevelopSourceCodeAccess
LogPluginManager: Mounting plugin NullSourceCodeAccess
LogPluginManager: Mounting plugin PerforceSourceControl
LogPluginManager: Mounting plugin PixWinPlugin
LogPluginManager: Mounting plugin PlasticSourceControl
LogPluginManager: Mounting plugin PluginUtils
LogPluginManager: Mounting plugin PropertyAccessNode
LogPluginManager: Mounting plugin RiderSourceCodeAccess
LogPluginManager: Mounting plugin SubversionSourceControl
LogPluginManager: Mounting plugin TextureFormatOodle
LogPluginManager: Mounting plugin CryptoKeys
LogPluginManager: Mounting plugin CurveEditorTools
LogPluginManager: Mounting plugin DataValidation
LogPluginManager: Mounting plugin UObjectPlugin
LogPluginManager: Mounting plugin VisualStudioCodeSourceCodeAccess
LogPluginManager: Mounting plugin VisualStudioSourceCodeAccess
LogPluginManager: Mounting plugin XCodeSourceCodeAccess
LogPluginManager: Mounting plugin DatasmithContent
LogPluginManager: Mounting plugin VariantManagerContent
LogPluginManager: Mounting plugin FacialAnimation
LogPluginManager: Mounting plugin GameplayTagsEditor
LogPluginManager: Mounting plugin GeometryMode
LogPluginManager: Mounting plugin MacGraphicsSwitching
LogPluginManager: Mounting plugin MaterialAnalyzer
LogPluginManager: Mounting plugin PluginBrowser
LogPluginManager: Mounting plugin SpeedTreeImporter
LogPluginManager: Mounting plugin MobileLauncherProfileWizard
LogPluginManager: Mounting plugin OodleData
LogPluginManager: Mounting plugin OodleNetwork
LogPluginManager: Mounting plugin Niagara
LogPluginManager: Mounting plugin LuminPlatformFeatures
LogPluginManager: Mounting plugin MagicLeap
LogPluginManager: Mounting plugin MagicLeapMedia
LogPluginManager: Mounting plugin MagicLeapLightEstimation
LogPluginManager: Mounting plugin MagicLeapPassableWorld
LogPluginManager: Mounting plugin MLSDK
LogPluginManager: Mounting plugin AndroidMedia
LogPluginManager: Mounting plugin AvfMedia
LogPluginManager: Mounting plugin ImgMedia
LogPluginManager: Mounting plugin MediaCompositing
LogPluginManager: Mounting plugin MediaPlayerEditor
LogPluginManager: Mounting plugin WebMMedia
LogPluginManager: Mounting plugin WmfMedia
LogPluginManager: Mounting plugin AlembicImporter
LogPluginManager: Mounting plugin AutomationUtils
LogPluginManager: Mounting plugin BackChannel
LogPluginManager: Mounting plugin ChaosCloth
LogPluginManager: Mounting plugin TcpMessaging
LogPluginManager: Mounting plugin UdpMessaging
LogPluginManager: Mounting plugin ChaosEditor
LogPluginManager: Mounting plugin ChaosClothEditor
LogPluginManager: Mounting plugin ChaosNiagara
LogPluginManager: Mounting plugin ChaosSolverPlugin
LogPluginManager: Mounting plugin CharacterAI
LogPluginManager: Mounting plugin ActorSequence
LogPluginManager: Mounting plugin LevelSequenceEditor
LogPluginManager: Mounting plugin MatineeToLevelSequence
LogPluginManager: Mounting plugin TemplateSequence
LogPluginManager: Mounting plugin OnlineSubsystem
LogPluginManager: Mounting plugin OnlineSubsystemNull
LogPluginManager: Mounting plugin OnlineSubsystemUtils
LogPluginManager: Mounting plugin GeometryCache
LogPluginManager: Mounting plugin GeometryCollectionPlugin
LogPluginManager: Mounting plugin GeometryProcessing
LogPluginManager: Mounting plugin LauncherChunkInstaller
LogPluginManager: Mounting plugin MotoSynth
LogPluginManager: Mounting plugin OpenImageDenoise
LogPluginManager: Mounting plugin ProxyLODPlugin
LogPluginManager: Mounting plugin PlatformCrypto
LogPluginManager: Mounting plugin PlanarCut
LogPluginManager: Mounting plugin PythonScriptPlugin
LogPluginManager: Mounting plugin SkeletalReduction
LogPluginManager: Mounting plugin ActorLayerUtilities
LogPluginManager: Mounting plugin AndroidMoviePlayer
LogPluginManager: Mounting plugin AndroidDeviceProfileSelector
LogPluginManager: Mounting plugin AndroidPermission
LogPluginManager: Mounting plugin AppleImageUtils
LogPluginManager: Mounting plugin AppleMoviePlayer
LogPluginManager: Mounting plugin AssetTags
LogPluginManager: Mounting plugin ArchVisCharacter
LogPluginManager: Mounting plugin AudioCapture
LogPluginManager: Mounting plugin AudioSynesthesia
LogPluginManager: Mounting plugin ChunkDownloader
LogPluginManager: Mounting plugin CableComponent
LogPluginManager: Mounting plugin CustomMeshComponent
LogPluginManager: Mounting plugin EditableMesh
LogPluginManager: Mounting plugin ExampleDeviceProfileSelector
LogPluginManager: Mounting plugin ScreenshotTools
LogPluginManager: Mounting plugin GoogleCloudMessaging
LogPluginManager: Mounting plugin GooglePAD
LogPluginManager: Mounting plugin IOSDeviceProfileSelector
LogPluginManager: Mounting plugin LinuxDeviceProfileSelector
LogPluginManager: Mounting plugin Takes
LogPluginManager: Mounting plugin LocationServicesBPLibrary
LogPluginManager: Mounting plugin MobilePatchingUtils
LogPluginManager: Mounting plugin OpenXREyeTracker
LogPluginManager: Mounting plugin OpenXR
LogPluginManager: Mounting plugin OpenXRHandTracking
LogPluginManager: Mounting plugin PhysXVehicles
LogPluginManager: Mounting plugin PostSplashScreen
LogPluginManager: Mounting plugin ProceduralMeshComponent
LogPluginManager: Mounting plugin PropertyAccessEditor
LogPluginManager: Mounting plugin SignificanceManager
LogPluginManager: Mounting plugin RuntimePhysXCooking
LogPluginManager: Mounting plugin SoundFields
LogPluginManager: Mounting plugin Synthesis
LogPluginManager: Mounting plugin WebMMoviePlayer
LogPluginManager: Mounting plugin WindowsMoviePlayer
LogPluginManager: Mounting plugin ContentBrowserClassDataSource
LogPluginManager: Mounting plugin ContentBrowserFileDataSource
LogPluginManager: Mounting plugin ContentBrowserAssetDataSource
LogPluginManager: Mounting plugin OnlineSubsystemGooglePlay
LogPluginManager: Mounting plugin OnlineSubsystemIOS
LogPluginManager: Mounting plugin OculusVR
LogPluginManager: Mounting plugin SteamVR
LogInit: Warning: Incompatible or missing module: MyProject
Running C:/Program Files/Epic Games/UE_4.27/Engine/Binaries/DotNET/UnrealBuildTool.exe Development Win64 -Project="C:/Unreal Engine/LearningRPG/MyProject/MyProject.uproject" -TargetType=Editor -Progress -NoEngineChanges -NoHotReloadFromIDE
Creating makefile for MyProjectEditor (no existing makefile)
@progress push 5%
Parsing headers for MyProjectEditor
  Running UnrealHeaderTool "C:\Unreal Engine\LearningRPG\MyProject\MyProject.uproject" "C:\Unreal Engine\LearningRPG\MyProject\Intermediate\Build\Win64\MyProjectEditor\Development\MyProjectEditor.uhtmanifest" -LogCmds="loginit warning, logexit warning, logdatabase error" -Unattended -WarningsAsErrors -abslog="C:\Users\rahul\AppData\Local\UnrealBuildTool\Log_UHT.txt" -installed
LogInit: Display: Loading text-based GConfig....
Reflection code generated for MyProjectEditor in 8.42731 seconds
@progress pop
Building MyProjectEditor...
Using Visual Studio 2019 14.29.30148 toolchain (C:\Program Files (x86)\Microsoft Visual Studio\2019\Community\VC\Tools\MSVC\14.29.30133) and Windows 10.0.17763.0 SDK (C:\Program Files (x86)\Windows Kits\10).
Building 43 actions with 8 processes...
  @progress 'Compiling C++ source code...' 0%
  @progress 'Compiling C++ source code...' 2%
  [1/43] Default.rc2
  @progress 'Compiling C++ source code...' 5%
  [2/43] SharedPCH.Engine.ShadowErrors.cpp
  @progress 'Compiling C++ source code...' 7%
  [3/43] MyProject.cpp
  @progress 'Compiling C++ source code...' 9%
  [4/43] Actora.gen.cpp
  @progress 'Compiling C++ source code...' 12%
  [5/43] Collider.gen.cpp
  @progress 'Compiling C++ source code...' 14%
  [6/43] Explosive.gen.cpp
  @progress 'Compiling C++ source code...' 16%
  [7/43] MainAnimInstance.cpp
  @progress 'Compiling C++ source code...' 19%
  [8/43] Item.cpp
  @progress 'Compiling C++ source code...' 21%
  [9/43] Enemy.cpp
  C:\Program Files\Epic Games\UE_4.27\Engine\Intermediate\Build\Win64\UE4Editor\Inc\Engine\CharacterMovementReplication.generated.h(22): error C2143: syntax error: missing ';' before ''template<''
  C:\Program Files\Epic Games\UE_4.27\Engine\Intermediate\Build\Win64\UE4Editor\Inc\Engine\CharacterMovementReplication.generated.h(22): error C4430: missing type specifier - int assumed. Note: C++ does not support default-int
  @progress 'Compiling C++ source code...' 23%
  [10/43] MyObject.cpp
  @progress 'Compiling C++ source code...' 26%
  [11/43] EnemyAnimInstance.cpp
  @progress 'Compiling C++ source code...' 28%
  [12/43] Critter.cpp
  @progress 'Compiling C++ source code...' 30%
  [13/43] MyActor.cpp
  @progress 'Compiling C++ source code...' 33%
  [14/43] Collider.cpp
  @progress 'Compiling C++ source code...' 35%
  [15/43] MainAnimInstance.gen.cpp
  @progress 'Compiling C++ source code...' 37%
  [16/43] MyProject.init.gen.cpp
  @progress 'Compiling C++ source code...' 40%
  [17/43] FloorSwitch.cpp
  @progress 'Compiling C++ source code...' 42%
  [18/43] Explosive.cpp
  @progress 'Compiling C++ source code...' 44%
  [19/43] MyObject.gen.cpp
  @progress 'Compiling C++ source code...' 47%
  [20/43] MainPlayerController.gen.cpp
  @progress 'Compiling C++ source code...' 49%
  [21/43] MainCharacter.gen.cpp
  @progress 'Compiling C++ source code...' 51%
  [22/43] Enemy.gen.cpp
  @progress 'Compiling C++ source code...' 53%
  [23/43] Weapons.cpp
  @progress 'Compiling C++ source code...' 56%
  [24/43] ColliderMovementComponent.cpp
  @progress 'Compiling C++ source code...' 58%
  [25/43] Item.gen.cpp
  @progress 'Compiling C++ source code...' 60%
  [26/43] MyActor.gen.cpp
  @progress 'Compiling C++ source code...' 63%
  [27/43] MyProjectGameModeBase.cpp
  @progress 'Compiling C++ source code...' 65%
  [28/43] MyProjectGameModeBase.gen.cpp
  @progress 'Compiling C++ source code...' 67%
  [29/43] Pickup.cpp
  @progress 'Compiling C++ source code...' 70%
  [30/43] Pickup.gen.cpp
  @progress 'Compiling C++ source code...' 72%
  [31/43] ColliderMovementComponent.gen.cpp
  @progress 'Compiling C++ source code...' 74%
  [32/43] Weapons.gen.cpp
  @progress 'Compiling C++ source code...' 77%
  [33/43] FloatingPlatform.gen.cpp
  @progress 'Compiling C++ source code...' 79%
  [34/43] FloorSwitch.gen.cpp
  @progress 'Compiling C++ source code...' 81%
  [35/43] Actora.cpp
  @progress 'Compiling C++ source code...' 84%
  [36/43] Critter.gen.cpp
  @progress 'Compiling C++ source code...' 86%
  [37/43] EnemyAnimInstance.gen.cpp
  @progress 'Compiling C++ source code...' 88%
  [38/43] FloatingPlatform.cpp
  @progress 'Compiling C++ source code...' 91%
  [39/43] MainCharacter.cpp
  @progress 'Compiling C++ source code...' 93%
  [40/43] MainPlayerController.cpp
LogInit: Warning: Still incompatible or missing module: MyProject
LogCore: Engine exit requested (reason: EngineExit() was called)
LogExit: Preparing to exit.
LogModuleManager: Shutting down and abandoning module DesktopPlatform (48)
LogModuleManager: Shutting down and abandoning module PythonScriptPluginPreload (46)
LogModuleManager: Shutting down and abandoning module PlatformCryptoOpenSSL (44)
LogModuleManager: Shutting down and abandoning module PlatformCryptoTypes (42)
LogModuleManager: Shutting down and abandoning module PlatformCrypto (40)
LogModuleManager: Shutting down and abandoning module OodleDataCompressionFormat (38)
LogModuleManager: Shutting down and abandoning module XGEController (36)
LogXGEController: Cannot use XGE Controller as Incredibuild is not installed on this machine.
LogXGEController: Cleaning working directory: C:/Users/rahul/AppData/Local/Temp/UnrealXGEWorkingDir/
LogModuleManager: Shutting down and abandoning module AnimationModifiers (34)
LogModuleManager: Shutting down and abandoning module AudioEditor (32)
LogModuleManager: Shutting down and abandoning module PropertyEditor (31)
LogModuleManager: Shutting down and abandoning module TextureCompressor (28)
LogModuleManager: Shutting down and abandoning module RenderCore (26)
LogModuleManager: Shutting down and abandoning module Landscape (24)
LogModuleManager: Shutting down and abandoning module SlateRHIRenderer (22)
LogModuleManager: Shutting down and abandoning module AnimGraphRuntime (20)
LogModuleManager: Shutting down and abandoning module Renderer (18)
LogModuleManager: Shutting down and abandoning module Engine (16)
LogModuleManager: Shutting down and abandoning module CoreUObject (14)
LogModuleManager: Shutting down and abandoning module NetworkFile (12)
LogModuleManager: Shutting down and abandoning module CookedIterativeFile (10)
LogModuleManager: Shutting down and abandoning module StreamingFile (8)
LogModuleManager: Shutting down and abandoning module SandboxFile (6)
LogModuleManager: Shutting down and abandoning module PakFile (4)
LogModuleManager: Shutting down and abandoning module RSA (3)
LogExit: Exiting.
Log file closed, 04/19/23 13:21:50
